<?xml version="1.0" encoding="UTF-8"?>
<!-- Generated by org.testng.reporters.JUnitReportReporter -->
<testsuite skipped="0" hostname="Optimus" name="com.grid.hub.nodes.Test.GridHubNodesTest" tests="1" failures="0" timestamp="18 May 2017 19:18:37 GMT" time="2.571" errors="0">
  <testcase name="testGooglePageTitle" time="2.571" classname="com.grid.hub.nodes.Test.GridHubNodesTest"/>
</testsuite> <!-- com.grid.hub.nodes.Test.GridHubNodesTest -->
