<?xml version="1.0" encoding="UTF-8"?>
<!-- Generated by org.testng.reporters.JUnitReportReporter -->
<testsuite skipped="0" hostname="Optimus" name="com.grid.hub.nodes.Test.GridHubNodesTest" tests="1" failures="0" timestamp="19 May 2017 18:28:27 GMT" time="3.022" errors="0">
  <testcase name="testGooglePageTitle" time="3.022" classname="com.grid.hub.nodes.Test.GridHubNodesTest"/>
</testsuite> <!-- com.grid.hub.nodes.Test.GridHubNodesTest -->
